DEBUG: true
DJANGO_SECRET_KEY: #+ap%xs*u4#7oi6c(=x25)zvjlwj7(9%(*jl-!hgg9ap3
DB_NAME: transcendence_db
DB_USER: transcendence_user
DB_PASSWORD: your_strong_password_here
Copying settings.py to transcendence directory...
TARTOFRAIZ
Migrations for 'core':
  core/migrations/0001_initial.py
    - Create model CustomUser
TARTOFRAIZ
Operations to perform:
  Apply all migrations: auth, contenttypes, core, sessions, sites
Running migrations:
  Applying contenttypes.0001_initial... OK
  Applying contenttypes.0002_remove_content_type_name... OK
  Applying auth.0001_initial... OK
  Applying auth.0002_alter_permission_name_max_length... OK
  Applying auth.0003_alter_user_email_max_length... OK
  Applying auth.0004_alter_user_username_opts... OK
  Applying auth.0005_alter_user_last_login_null... OK
  Applying auth.0006_require_contenttypes_0002... OK
  Applying auth.0007_alter_validators_add_error_messages... OK
  Applying auth.0008_alter_user_username_max_length... OK
  Applying auth.0009_alter_user_last_name_max_length... OK
  Applying auth.0010_alter_group_name_max_length... OK
  Applying auth.0011_update_proxy_permissions... OK
  Applying auth.0012_alter_user_first_name_max_length... OK
  Applying core.0001_initial... OK
  Applying sessions.0001_initial... OK
  Applying sites.0001_initial... OK
  Applying sites.0002_alter_domain_unique... OK
TARTOFRAIZ
No changes detected
TARTOFRAIZ
Operations to perform:
  Apply all migrations: admin, auth, contenttypes, core, sessions
Running migrations:
  Applying admin.0001_initial... OK
  Applying admin.0002_logentry_remove_auto_add... OK
  Applying admin.0003_logentry_add_action_flag_choices... OK
Performing system checks...

TARTOFRAIZ
System check identified no issues (0 silenced).
September 09, 2024 - 09:38:20
Django version 3.2.9, using settings 'transcendence.settings'
Starting development server at http://0.0.0.0:8000/
Quit the server with CONTROL-C.
